<?xml version="1.0" encoding="UTF-8"?>
<!-- Generated by org.testng.reporters.JUnitReportReporter -->
<testsuite hostname="DESKTOP-28NIEE6" failures="0" tests="2" name="Test_Clases.TC_01_OM1_ReturnOrder_Test" time="24.847" errors="0" timestamp="2022-07-05T15:01:54 IST" skipped="0">
  <testcase classname="Test_Clases.TC_01_OM1_ReturnOrder_Test" name="RunTC_01_OM1_ReturnOrder_Test" time="20.512"/>
  <system-out/>
  <testcase classname="Test_Clases.TC_01_OM1_ReturnOrder_Test" name="RunTC_02_OM1_Carrier_Test" time="4.335"/>
  <system-out/>
</testsuite> <!-- Test_Clases.TC_01_OM1_ReturnOrder_Test -->
