<?xml version="1.0" encoding="UTF-8"?>
<!-- Generated by org.testng.reporters.JUnitReportReporter -->
<testsuite hostname="DESKTOP-28NIEE6" failures="0" tests="1" name="Test_Clases.TC_01_OM2_ReturnOrder_Test" time="9.585" errors="0" timestamp="2022-07-05T12:29:25 IST" skipped="0">
  <testcase classname="Test_Clases.TC_01_OM2_ReturnOrder_Test" name="RunTC_01_ReturnOrder_Test" time="9.585"/>
  <system-out/>
</testsuite> <!-- Test_Clases.TC_01_OM2_ReturnOrder_Test -->
