<?xml version="1.0" encoding="UTF-8"?>
<!-- Generated by org.testng.reporters.JUnitReportReporter -->
<testsuite hostname="DESKTOP-28NIEE6" failures="0" tests="1" name="Test_Clases.TC_02_ReturnPortal_Test" time="10.852" errors="0" timestamp="2022-07-01T20:35:45 IST" skipped="0">
  <testcase classname="Test_Clases.TC_02_ReturnPortal_Test" name="RunTC_02_ReturnPortal_Test" time="10.852"/>
  <system-out/>
</testsuite> <!-- Test_Clases.TC_02_ReturnPortal_Test -->
