<?xml version="1.0" encoding="UTF-8"?>
<!-- Generated by org.testng.reporters.JUnitReportReporter -->
<testsuite hostname="DESKTOP-28NIEE6" failures="0" tests="5" name="Test_Clases.TC_OM3" time="52.692" errors="0" timestamp="2022-07-08T10:11:00 IST" skipped="1">
  <testcase classname="Test_Clases.TC_OM3" name="RunTC_OM3_LoginTest" time="6.748"/>
  <system-out/>
  <testcase classname="Test_Clases.TC_OM3" name="RunTC_OM3_CustomersTest" time="20.307"/>
  <system-out/>
  <testcase classname="Test_Clases.TC_OM3" name="RunTC_OM3_ReturnOrderTest" time="19.338"/>
  <system-out/>
  <testcase classname="Test_Clases.TC_OM3" name="RunTC_OM3_Carrier_Test" time="6.299"/>
  <system-out/>
  <testcase classname="Test_Clases.TC_OM3" name="RunTC_OM3_ModulesTest">
    <skipped/>
  </testcase> <!-- RunTC_OM3_ModulesTest -->
  <system-out/>
</testsuite> <!-- Test_Clases.TC_OM3 -->
