<?xml version="1.0" encoding="UTF-8"?>
<!-- Generated by org.testng.reporters.JUnitReportReporter -->
<testsuite hostname="DESKTOP-28NIEE6" failures="0" tests="6" name="Test_Clases.TC_OM4" time="75.263" errors="0" timestamp="2022-07-08T10:13:23 IST" skipped="1">
  <testcase classname="Test_Clases.TC_OM4" name="RunTC_OM4_LoginTest" time="6.764"/>
  <system-out/>
  <testcase classname="Test_Clases.TC_OM4" name="RunTC_OM4_CustomersTest" time="42.550"/>
  <system-out/>
  <testcase classname="Test_Clases.TC_OM4" name="RunPC_OM4_ReturnOrder_Page" time="7.714"/>
  <system-out/>
  <testcase classname="Test_Clases.TC_OM4" name="RunTC_OM4_ReturnItem_Test" time="13.828"/>
  <system-out/>
  <testcase classname="Test_Clases.TC_OM4" name="RunTC_03_Carrier_Test" time="4.407"/>
  <system-out/>
  <testcase classname="Test_Clases.TC_OM4" name="RunTC_OM4_ModulesTest">
    <skipped/>
  </testcase> <!-- RunTC_OM4_ModulesTest -->
  <system-out/>
</testsuite> <!-- Test_Clases.TC_OM4 -->
