<?xml version="1.0" encoding="UTF-8"?>
<!-- Generated by org.testng.reporters.JUnitReportReporter -->
<testsuite hostname="DESKTOP-28NIEE6" failures="0" tests="1" name="Test_Clases.TC_02_OM1_Carrier_Test" time="4.441" errors="0" timestamp="2022-07-04T11:53:54 IST" skipped="0">
  <testcase classname="Test_Clases.TC_02_OM1_Carrier_Test" name="RunTC_02_OM1_Carrier_Test" time="4.441"/>
  <system-out/>
</testsuite> <!-- Test_Clases.TC_02_OM1_Carrier_Test -->
