<?xml version="1.0" encoding="UTF-8"?>
<!-- Generated by org.testng.reporters.JUnitReportReporter -->
<testsuite hostname="DESKTOP-28NIEE6" failures="0" tests="1" name="Test_Clases.TC_03_OM2_Carrier_Test" time="4.418" errors="0" timestamp="2022-07-05T12:29:25 IST" skipped="0">
  <testcase classname="Test_Clases.TC_03_OM2_Carrier_Test" name="RunTC_03_Carrier_Test" time="4.418"/>
  <system-out/>
</testsuite> <!-- Test_Clases.TC_03_OM2_Carrier_Test -->
