<?xml version="1.0" encoding="UTF-8"?>
<!-- Generated by org.testng.reporters.JUnitReportReporter -->
<testsuite hostname="DESKTOP-28NIEE6" failures="0" tests="1" name="Test_Clases.TC_01_ReurnOrder_Test" time="9.442" errors="0" timestamp="2022-07-02T09:48:28 IST" skipped="0">
  <testcase classname="Test_Clases.TC_01_ReurnOrder_Test" name="RunTC_01_ReurnOrder_Test" time="9.442"/>
  <system-out/>
</testsuite> <!-- Test_Clases.TC_01_ReurnOrder_Test -->
