<?xml version="1.0" encoding="UTF-8"?>
<!-- Generated by org.testng.reporters.JUnitReportReporter -->
<testsuite hostname="DESKTOP-28NIEE6" failures="0" tests="2" name="Test_Clases.TC_OM1_ReturnOrder_Test" time="25.622" errors="0" timestamp="2022-07-05T15:48:30 IST" skipped="0">
  <testcase classname="Test_Clases.TC_OM1_ReturnOrder_Test" name="RunTC_01_OM1_ReturnOrder_Test" time="21.144"/>
  <system-out/>
  <testcase classname="Test_Clases.TC_OM1_ReturnOrder_Test" name="RunTC_02_OM1_Carrier_Test" time="4.478"/>
  <system-out/>
</testsuite> <!-- Test_Clases.TC_OM1_ReturnOrder_Test -->
