<?xml version="1.0" encoding="UTF-8"?>
<!-- Generated by org.testng.reporters.JUnitReportReporter -->
<testsuite hostname="DESKTOP-28NIEE6" failures="0" tests="3" name="Test_Clases.TC_OM2_ReturnOrder_Test" time="24.287" errors="0" timestamp="2022-07-05T15:45:54 IST" skipped="0">
  <testcase classname="Test_Clases.TC_OM2_ReturnOrder_Test" name="RunTC_01_ReturnOrder_Test" time="8.962"/>
  <system-out/>
  <testcase classname="Test_Clases.TC_OM2_ReturnOrder_Test" name="RunTC_02_OM2_ReturnItem_Test" time="11.018"/>
  <system-out/>
  <testcase classname="Test_Clases.TC_OM2_ReturnOrder_Test" name="RunTC_03_Carrier_Test" time="4.307"/>
  <system-out/>
</testsuite> <!-- Test_Clases.TC_OM2_ReturnOrder_Test -->
