<?xml version="1.0" encoding="UTF-8"?>
<!-- Generated by org.testng.reporters.JUnitReportReporter -->
<testsuite hostname="DESKTOP-28NIEE6" failures="0" tests="2" name="Test_Clases.TC_OM1" time="23.997" errors="0" timestamp="2022-07-08T10:07:41 IST" skipped="0">
  <testcase classname="Test_Clases.TC_OM1" name="RunTC_01_OM1_ReturnOrder_Test" time="19.550"/>
  <system-out/>
  <testcase classname="Test_Clases.TC_OM1" name="RunTC_02_OM1_Carrier_Test" time="4.447"/>
  <system-out/>
</testsuite> <!-- Test_Clases.TC_OM1 -->
