<?xml version="1.0" encoding="UTF-8"?>
<!-- Generated by org.testng.reporters.JUnitReportReporter -->
<testsuite hostname="DESKTOP-28NIEE6" failures="0" tests="1" name="Test_Clases.TC_01_OM2_ReurnOrder_Test" time="8.784" errors="0" timestamp="2022-07-02T10:00:40 IST" skipped="0">
  <testcase classname="Test_Clases.TC_01_OM2_ReurnOrder_Test" name="RunTC_01_ReurnOrder_Test" time="8.784"/>
  <system-out/>
</testsuite> <!-- Test_Clases.TC_01_OM2_ReurnOrder_Test -->
