<?xml version="1.0" encoding="UTF-8"?>
<!-- Generated by org.testng.reporters.JUnitReportReporter -->
<testsuite hostname="DESKTOP-28NIEE6" failures="0" tests="3" name="Test_Clases.TC_OM2" time="23.674" errors="0" timestamp="2022-07-08T10:09:00 IST" skipped="0">
  <testcase classname="Test_Clases.TC_OM2" name="RunTC_01_ReturnOrder_Test" time="8.580"/>
  <system-out/>
  <testcase classname="Test_Clases.TC_OM2" name="RunTC_02_OM2_ReturnItem_Test" time="10.757"/>
  <system-out/>
  <testcase classname="Test_Clases.TC_OM2" name="RunTC_03_Carrier_Test" time="4.337"/>
  <system-out/>
</testsuite> <!-- Test_Clases.TC_OM2 -->
