<?xml version="1.0" encoding="UTF-8"?>
<!-- Generated by org.testng.reporters.JUnitReportReporter -->
<testsuite hostname="DESKTOP-28NIEE6" failures="0" tests="2" name="Test_Clases.TC_OM6" time="23.969" errors="0" timestamp="2022-07-08T10:14:38 IST" skipped="0">
  <testcase classname="Test_Clases.TC_OM6" name="RunTC_01_OM1_ReturnOrder_Test" time="19.518"/>
  <system-out/>
  <testcase classname="Test_Clases.TC_OM6" name="RunTC_02_OM1_Carrier_Test" time="4.451"/>
  <system-out/>
</testsuite> <!-- Test_Clases.TC_OM6 -->
