<?xml version="1.0" encoding="UTF-8"?>
<!-- Generated by org.testng.reporters.JUnitReportReporter -->
<testsuite hostname="DESKTOP-28NIEE6" failures="0" tests="1" name="Test_Clases.TC_01_OM1_ReturnOrder_Test" time="21.444" errors="0" timestamp="2022-07-04T11:53:54 IST" skipped="0">
  <testcase classname="Test_Clases.TC_01_OM1_ReturnOrder_Test" name="RunTC_01_OM1_ReturnOrder_Test" time="21.444"/>
  <system-out/>
</testsuite> <!-- Test_Clases.TC_01_OM1_ReturnOrder_Test -->
