<?xml version="1.0" encoding="UTF-8"?>
<!-- Generated by org.testng.reporters.JUnitReportReporter -->
<testsuite hostname="DESKTOP-28NIEE6" failures="0" tests="1" name="Test_Clases.TC_02_ReturnItem_Test" time="10.978" errors="0" timestamp="2022-07-02T09:48:28 IST" skipped="0">
  <testcase classname="Test_Clases.TC_02_ReturnItem_Test" name="RunTC_02_ReturnPortal_Test" time="10.978"/>
  <system-out/>
</testsuite> <!-- Test_Clases.TC_02_ReturnItem_Test -->
