<?xml version="1.0" encoding="UTF-8"?>
<!-- Generated by org.testng.reporters.JUnitReportReporter -->
<testsuite hostname="DESKTOP-28NIEE6" failures="0" tests="1" name="Test_Clases.TC_01_HomeTest" time="10.710" errors="0" timestamp="2022-07-01T19:53:39 IST" skipped="0">
  <testcase classname="Test_Clases.TC_01_HomeTest" name="RunTC_01_HomeTest" time="10.710"/>
  <system-out/>
</testsuite> <!-- Test_Clases.TC_01_HomeTest -->
